Determining if the pthread_create exist failed with the following output:
Change Dir: /home/ubuntu/dev_opencv3/tx1CVMemoryTest/normal/CMakeFiles/CMakeTmp

Run Build Command:"/usr/bin/make" "cmTC_17930/fast"
/usr/bin/make -f CMakeFiles/cmTC_17930.dir/build.make CMakeFiles/cmTC_17930.dir/build
make[1]: Entering directory '/home/ubuntu/dev_opencv3/tx1CVMemoryTest/normal/CMakeFiles/CMakeTmp'
Building C object CMakeFiles/cmTC_17930.dir/CheckSymbolExists.c.o
/usr/bin/cc    -fPIC    -o CMakeFiles/cmTC_17930.dir/CheckSymbolExists.c.o   -c /home/ubuntu/dev_opencv3/tx1CVMemoryTest/normal/CMakeFiles/CMakeTmp/CheckSymbolExists.c
Linking C executable cmTC_17930
/usr/bin/cmake -E cmake_link_script CMakeFiles/cmTC_17930.dir/link.txt --verbose=1
/usr/bin/cc  -fPIC     CMakeFiles/cmTC_17930.dir/CheckSymbolExists.c.o  -o cmTC_17930 -rdynamic 
CMakeFiles/cmTC_17930.dir/CheckSymbolExists.c.o: In function `main':
CheckSymbolExists.c:(.text+0x14): undefined reference to `pthread_create'
CheckSymbolExists.c:(.text+0x18): undefined reference to `pthread_create'
collect2: error: ld returned 1 exit status
CMakeFiles/cmTC_17930.dir/build.make:97: recipe for target 'cmTC_17930' failed
make[1]: *** [cmTC_17930] Error 1
make[1]: Leaving directory '/home/ubuntu/dev_opencv3/tx1CVMemoryTest/normal/CMakeFiles/CMakeTmp'
Makefile:126: recipe for target 'cmTC_17930/fast' failed
make: *** [cmTC_17930/fast] Error 2

File /home/ubuntu/dev_opencv3/tx1CVMemoryTest/normal/CMakeFiles/CMakeTmp/CheckSymbolExists.c:
/* */
#include <pthread.h>

int main(int argc, char** argv)
{
  (void)argv;
#ifndef pthread_create
  return ((int*)(&pthread_create))[argc];
#else
  (void)argc;
  return 0;
#endif
}

Determining if the function pthread_create exists in the pthreads failed with the following output:
Change Dir: /home/ubuntu/dev_opencv3/tx1CVMemoryTest/normal/CMakeFiles/CMakeTmp

Run Build Command:"/usr/bin/make" "cmTC_cb243/fast"
/usr/bin/make -f CMakeFiles/cmTC_cb243.dir/build.make CMakeFiles/cmTC_cb243.dir/build
make[1]: Entering directory '/home/ubuntu/dev_opencv3/tx1CVMemoryTest/normal/CMakeFiles/CMakeTmp'
Building C object CMakeFiles/cmTC_cb243.dir/CheckFunctionExists.c.o
/usr/bin/cc    -fPIC -DCHECK_FUNCTION_EXISTS=pthread_create   -o CMakeFiles/cmTC_cb243.dir/CheckFunctionExists.c.o   -c /usr/share/cmake-3.5/Modules/CheckFunctionExists.c
Linking C executable cmTC_cb243
/usr/bin/cmake -E cmake_link_script CMakeFiles/cmTC_cb243.dir/link.txt --verbose=1
/usr/bin/cc  -fPIC -DCHECK_FUNCTION_EXISTS=pthread_create    CMakeFiles/cmTC_cb243.dir/CheckFunctionExists.c.o  -o cmTC_cb243 -rdynamic -lpthreads 
/usr/bin/ld: cannot find -lpthreads
collect2: error: ld returned 1 exit status
CMakeFiles/cmTC_cb243.dir/build.make:97: recipe for target 'cmTC_cb243' failed
make[1]: *** [cmTC_cb243] Error 1
make[1]: Leaving directory '/home/ubuntu/dev_opencv3/tx1CVMemoryTest/normal/CMakeFiles/CMakeTmp'
Makefile:126: recipe for target 'cmTC_cb243/fast' failed
make: *** [cmTC_cb243/fast] Error 2


